[debug] [2025-01-22T22:42:05.677Z] ----------------------------------------------------------------------
[debug] [2025-01-22T22:42:05.678Z] Command:       C:\Program Files\nodejs\node.exe C:\Users\jhurt\AppData\Roaming\npm\node_modules\firebase-tools\lib\bin\firebase.js init
[debug] [2025-01-22T22:42:05.679Z] CLI Version:   13.29.1
[debug] [2025-01-22T22:42:05.679Z] Platform:      win32
[debug] [2025-01-22T22:42:05.679Z] Node Version:  v22.11.0
[debug] [2025-01-22T22:42:05.679Z] Time:          Wed Jan 22 2025 23:42:05 GMT+0100 (hora estándar de Europa central)
[debug] [2025-01-22T22:42:05.679Z] ----------------------------------------------------------------------
[debug] 
[debug] [2025-01-22T22:42:05.684Z] > command requires scopes: ["email","openid","https://www.googleapis.com/auth/cloudplatformprojects.readonly","https://www.googleapis.com/auth/firebase","https://www.googleapis.com/auth/cloud-platform"]
[debug] [2025-01-22T22:42:05.684Z] > authorizing via signed-in user (jhurtadomije@gmail.com)
[info] 
     ######## #### ########  ######## ########     ###     ######  ########
     ##        ##  ##     ## ##       ##     ##  ##   ##  ##       ##
     ######    ##  ########  ######   ########  #########  ######  ######
     ##        ##  ##    ##  ##       ##     ## ##     ##       ## ##
     ##       #### ##     ## ######## ########  ##     ##  ######  ########

You're about to initialize a Firebase project in this directory:

  C:\Users\jhurt\WebstormProjects\recordatorios-vue

[info] 
=== Project Setup
[info] 
[info] First, let's associate this project directory with a Firebase project.
[info] You can create multiple project aliases by running firebase use --add, 
[info] but for now we'll just set up a default project.
[info] 
[debug] [2025-01-22T22:42:28.591Z] Checked if tokens are valid: false, expires at: 1737581907666
[debug] [2025-01-22T22:42:28.591Z] Checked if tokens are valid: false, expires at: 1737581907666
[debug] [2025-01-22T22:42:28.592Z] > refreshing access token with scopes: []
[debug] [2025-01-22T22:42:28.594Z] >>> [apiv2][query] POST https://www.googleapis.com/oauth2/v3/token [none]
[debug] [2025-01-22T22:42:28.594Z] >>> [apiv2][body] POST https://www.googleapis.com/oauth2/v3/token [omitted]
[debug] [2025-01-22T22:42:28.864Z] <<< [apiv2][status] POST https://www.googleapis.com/oauth2/v3/token 200
[debug] [2025-01-22T22:42:28.864Z] <<< [apiv2][body] POST https://www.googleapis.com/oauth2/v3/token [omitted]
[debug] [2025-01-22T22:42:28.883Z] >>> [apiv2][query] GET https://firebase.googleapis.com/v1beta1/projects pageSize=100
[debug] [2025-01-22T22:42:29.362Z] <<< [apiv2][status] GET https://firebase.googleapis.com/v1beta1/projects 200
[debug] [2025-01-22T22:42:29.363Z] <<< [apiv2][body] GET https://firebase.googleapis.com/v1beta1/projects [omitted]
[info] i  Using project proyectofirebase-1d47a (proyectoFirebase) 
[info] 
=== Hosting Setup
[debug] [2025-01-22T22:42:31.790Z] Checked if tokens are valid: true, expires at: 1737589347864
[debug] [2025-01-22T22:42:31.790Z] Checked if tokens are valid: true, expires at: 1737589347864
[debug] [2025-01-22T22:42:31.790Z] >>> [apiv2][query] GET https://firebase.googleapis.com/v1beta1/projects/proyectofirebase-1d47a [none]
[debug] [2025-01-22T22:42:31.995Z] <<< [apiv2][status] GET https://firebase.googleapis.com/v1beta1/projects/proyectofirebase-1d47a 200
[debug] [2025-01-22T22:42:31.995Z] <<< [apiv2][body] GET https://firebase.googleapis.com/v1beta1/projects/proyectofirebase-1d47a {"projectId":"proyectofirebase-1d47a","projectNumber":"642033399621","displayName":"proyectoFirebase","name":"projects/proyectofirebase-1d47a","resources":{"hostingSite":"proyectofirebase-1d47a"},"state":"ACTIVE","etag":"1_dd6bbe46-c715-4686-aa53-59493218f33d"}
[info] 
[info] Your public directory is the folder (relative to your project directory) that
[info] will contain Hosting assets to be uploaded with firebase deploy. If you
[info] have a build process for your assets, use your build's output directory.
[info] 
[info] +  Wrote dist/404.html 
[debug] [2025-01-22T22:46:32.225Z] >>> [apiv2][query] GET https://www.gstatic.com/firebasejs/releases.json [none]
[debug] [2025-01-22T22:46:32.396Z] <<< [apiv2][status] GET https://www.gstatic.com/firebasejs/releases.json 200
[debug] [2025-01-22T22:46:32.396Z] <<< [apiv2][body] GET https://www.gstatic.com/firebasejs/releases.json {"current":{"version":"11.2.0","browserURL":"https://www.gstatic.com/firebasejs/11.2.0/firebase.js","packageURL":"https://www.gstatic.com/firebasejs/11.2.0/firebase.tgz"},"live":{"version":"11.2","browserURL":"https://www.gstatic.com/firebasejs/live/11.2/firebase.js","packageURL":"https://www.gstatic.com/firebasejs/live/11.2/firebase.tgz"},"components":{"analytics":"https://www.gstatic.com/firebasejs/11.2.0/firebase-analytics.js","app":"https://www.gstatic.com/firebasejs/11.2.0/firebase-app.js","app-check":"https://www.gstatic.com/firebasejs/11.2.0/firebase-app-check.js","auth":"https://www.gstatic.com/firebasejs/11.2.0/firebase-auth.js","auth/cordova":"https://www.gstatic.com/firebasejs/11.2.0/firebase-auth/cordova.js","auth/web-extension":"https://www.gstatic.com/firebasejs/11.2.0/firebase-auth/web-extension.js","functions":"https://www.gstatic.com/firebasejs/11.2.0/firebase-functions.js","firestore":"https://www.gstatic.com/firebasejs/11.2.0/firebase-firestore.js","firestore/lite":"https://www.gstatic.com/firebasejs/11.2.0/firebase-firestore/lite.js","installations":"https://www.gstatic.com/firebasejs/11.2.0/firebase-installations.js","storage":"https://www.gstatic.com/firebasejs/11.2.0/firebase-storage.js","performance":"https://www.gstatic.com/firebasejs/11.2.0/firebase-performance.js","remote-config":"https://www.gstatic.com/firebasejs/11.2.0/firebase-remote-config.js","messaging":"https://www.gstatic.com/firebasejs/11.2.0/firebase-messaging.js","messaging/sw":"https://www.gstatic.com/firebasejs/11.2.0/firebase-messaging/sw.js","database":"https://www.gstatic.com/firebasejs/11.2.0/firebase-database.js","vertexai":"https://www.gstatic.com/firebasejs/11.2.0/firebase-vertexai.js","data-connect":"https://www.gstatic.com/firebasejs/11.2.0/firebase-data-connect.js","firestore.memory":"https://www.gstatic.com/firebasejs/11.2.0/firebase-firestore.memory.js"}}
[info] i  Skipping write of dist/index.html 
[info] 
[info] i  Detected a .git folder at C:\Users\jhurt 
[info] i  Authorizing with GitHub to upload your service account to a GitHub repository's secrets store. 
[info] 
[info] Visit this URL on this device to log in:
[info] https://github.com/login/oauth/authorize?client_id=89cf50f02ac6aaed3484&state=468187023&redirect_uri=http%3A%2F%2Flocalhost%3A9005&scope=read%3Auser%20repo%20public_repo
[info] 
[info] Waiting for authentication...
[debug] [2025-01-22T22:47:26.347Z] >>> [apiv2][query] POST https://github.com/login/oauth/access_token [none]
[debug] [2025-01-22T22:47:26.347Z] >>> [apiv2][body] POST https://github.com/login/oauth/access_token [stream]
[debug] [2025-01-22T22:47:27.396Z] <<< [apiv2][status] POST https://github.com/login/oauth/access_token 200
[debug] [2025-01-22T22:47:27.396Z] <<< [apiv2][body] POST https://github.com/login/oauth/access_token {"access_token":"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","token_type":"bearer","scope":"read:user,repo"}
[debug] [2025-01-22T22:47:27.401Z] >>> [apiv2][query] GET https://api.github.com/user [none]
[debug] [2025-01-22T22:47:27.817Z] <<< [apiv2][status] GET https://api.github.com/user 200
[debug] [2025-01-22T22:47:27.817Z] <<< [apiv2][body] GET https://api.github.com/user {"login":"jhurtadomije","id":153659627,"node_id":"U_kgDOCSio6w","avatar_url":"https://avatars.githubusercontent.com/u/153659627?v=4","gravatar_id":"","url":"https://api.github.com/users/jhurtadomije","html_url":"https://github.com/jhurtadomije","followers_url":"https://api.github.com/users/jhurtadomije/followers","following_url":"https://api.github.com/users/jhurtadomije/following{/other_user}","gists_url":"https://api.github.com/users/jhurtadomije/gists{/gist_id}","starred_url":"https://api.github.com/users/jhurtadomije/starred{/owner}{/repo}","subscriptions_url":"https://api.github.com/users/jhurtadomije/subscriptions","organizations_url":"https://api.github.com/users/jhurtadomije/orgs","repos_url":"https://api.github.com/users/jhurtadomije/repos","events_url":"https://api.github.com/users/jhurtadomije/events{/privacy}","received_events_url":"https://api.github.com/users/jhurtadomije/received_events","type":"User","user_view_type":"private","site_admin":false,"name":null,"company":null,"blog":"","location":null,"email":null,"hireable":null,"bio":null,"twitter_username":null,"notification_email":null,"public_repos":10,"public_gists":0,"followers":0,"following":0,"created_at":"2023-12-12T17:48:52Z","updated_at":"2025-01-21T11:05:13Z","private_gists":0,"total_private_repos":2,"owned_private_repos":2,"disk_usage":26612,"collaborators":0,"two_factor_authentication":false,"plan":{"name":"free","space":976562499,"collaborators":0,"private_repos":10000}}
[info] 
[info] +  Success! Logged into GitHub as jhurtadomije 
[info] 
